2018-07-06 16:50:05,161 [INFO] from application in play-dev-mode-akka.actor.default-dispatcher-4 - Creating Pool for datasource 'default'
2018-07-06 16:50:05,496 [INFO] from play.api.db.DefaultDBApi in play-dev-mode-akka.actor.default-dispatcher-4 - Database [default] connected at jdbc:mysql://localhost:3306/adl?useSSL=false
2018-07-06 16:50:05,989 [INFO] from play.api.http.EnabledFilters in play-dev-mode-akka.actor.default-dispatcher-4 - Enabled Filters (see <https://www.playframework.com/documentation/latest/Filters>):

    play.filters.csrf.CSRFFilter
    play.filters.headers.SecurityHeadersFilter
    play.filters.hosts.AllowedHostsFilter

2018-07-06 16:50:06,038 [INFO] from play.api.Play in play-dev-mode-akka.actor.default-dispatcher-4 - Application started (Dev)
2018-07-06 17:20:36,148 [ERROR] from play.api.libs.Files$DefaultTemporaryFileReaper in application-play.akka.blockingIoDispatcher-63 - Cannot delete C:\Users\yongan\AppData\Local\Temp\playtemp5912210335350366655\multipartBody3006694160402127190asTemporaryFile
java.nio.file.FileSystemException: C:\Users\yongan\AppData\Local\Temp\playtemp5912210335350366655\multipartBody3006694160402127190asTemporaryFile: The process cannot access the file because it is being used by another process.

	at sun.nio.fs.WindowsException.translateToIOException(WindowsException.java:86)
	at sun.nio.fs.WindowsException.rethrowAsIOException(WindowsException.java:97)
	at sun.nio.fs.WindowsException.rethrowAsIOException(WindowsException.java:102)
	at sun.nio.fs.WindowsFileSystemProvider.implDelete(WindowsFileSystemProvider.java:269)
	at sun.nio.fs.AbstractFileSystemProvider.deleteIfExists(AbstractFileSystemProvider.java:108)
	at java.nio.file.Files.deleteIfExists(Files.java:1165)
	at play.api.libs.Files$DefaultTemporaryFileReaper.delete(Files.scala:284)
	at play.api.libs.Files$DefaultTemporaryFileReaper$$anonfun$reap$2$$anonfun$apply$1$$anonfun$apply$2.apply(Files.scala:272)
	at play.api.libs.Files$DefaultTemporaryFileReaper$$anonfun$reap$2$$anonfun$apply$1$$anonfun$apply$2.apply(Files.scala:272)
	at scala.collection.immutable.List.foreach(List.scala:392)
	at play.api.libs.Files$DefaultTemporaryFileReaper$$anonfun$reap$2$$anonfun$apply$1.apply(Files.scala:272)
	at play.api.libs.Files$DefaultTemporaryFileReaper$$anonfun$reap$2$$anonfun$apply$1.apply(Files.scala:259)
	at scala.Option.map(Option.scala:146)
	at play.api.libs.Files$DefaultTemporaryFileReaper$$anonfun$reap$2.apply(Files.scala:259)
	at play.api.libs.Files$DefaultTemporaryFileReaper$$anonfun$reap$2.apply(Files.scala:278)
	at scala.concurrent.impl.Future$PromiseCompletingRunnable.liftedTree1$1(Future.scala:24)
	at scala.concurrent.impl.Future$PromiseCompletingRunnable.run(Future.scala:24)
	at akka.dispatch.TaskInvocation.run(AbstractDispatcher.scala:40)
	at akka.dispatch.ForkJoinExecutorConfigurator$AkkaForkJoinTask.exec(ForkJoinExecutorConfigurator.scala:43)
	at akka.dispatch.forkjoin.ForkJoinTask.doExec(ForkJoinTask.java:260)
	at akka.dispatch.forkjoin.ForkJoinPool$WorkQueue.runTask(ForkJoinPool.java:1339)
	at akka.dispatch.forkjoin.ForkJoinPool.runWorker(ForkJoinPool.java:1979)
	at akka.dispatch.forkjoin.ForkJoinWorkerThread.run(ForkJoinWorkerThread.java:107)
2018-07-06 17:20:36,151 [ERROR] from play.api.libs.Files$DefaultTemporaryFileReaper in application-play.akka.blockingIoDispatcher-63 - Cannot delete C:\Users\yongan\AppData\Local\Temp\playtemp5912210335350366655\multipartBody5784624457616511505asTemporaryFile
java.nio.file.FileSystemException: C:\Users\yongan\AppData\Local\Temp\playtemp5912210335350366655\multipartBody5784624457616511505asTemporaryFile: The process cannot access the file because it is being used by another process.

	at sun.nio.fs.WindowsException.translateToIOException(WindowsException.java:86)
	at sun.nio.fs.WindowsException.rethrowAsIOException(WindowsException.java:97)
	at sun.nio.fs.WindowsException.rethrowAsIOException(WindowsException.java:102)
	at sun.nio.fs.WindowsFileSystemProvider.implDelete(WindowsFileSystemProvider.java:269)
	at sun.nio.fs.AbstractFileSystemProvider.deleteIfExists(AbstractFileSystemProvider.java:108)
	at java.nio.file.Files.deleteIfExists(Files.java:1165)
	at play.api.libs.Files$DefaultTemporaryFileReaper.delete(Files.scala:284)
	at play.api.libs.Files$DefaultTemporaryFileReaper$$anonfun$reap$2$$anonfun$apply$1$$anonfun$apply$2.apply(Files.scala:272)
	at play.api.libs.Files$DefaultTemporaryFileReaper$$anonfun$reap$2$$anonfun$apply$1$$anonfun$apply$2.apply(Files.scala:272)
	at scala.collection.immutable.List.foreach(List.scala:392)
	at play.api.libs.Files$DefaultTemporaryFileReaper$$anonfun$reap$2$$anonfun$apply$1.apply(Files.scala:272)
	at play.api.libs.Files$DefaultTemporaryFileReaper$$anonfun$reap$2$$anonfun$apply$1.apply(Files.scala:259)
	at scala.Option.map(Option.scala:146)
	at play.api.libs.Files$DefaultTemporaryFileReaper$$anonfun$reap$2.apply(Files.scala:259)
	at play.api.libs.Files$DefaultTemporaryFileReaper$$anonfun$reap$2.apply(Files.scala:278)
	at scala.concurrent.impl.Future$PromiseCompletingRunnable.liftedTree1$1(Future.scala:24)
	at scala.concurrent.impl.Future$PromiseCompletingRunnable.run(Future.scala:24)
	at akka.dispatch.TaskInvocation.run(AbstractDispatcher.scala:40)
	at akka.dispatch.ForkJoinExecutorConfigurator$AkkaForkJoinTask.exec(ForkJoinExecutorConfigurator.scala:43)
	at akka.dispatch.forkjoin.ForkJoinTask.doExec(ForkJoinTask.java:260)
	at akka.dispatch.forkjoin.ForkJoinPool$WorkQueue.runTask(ForkJoinPool.java:1339)
	at akka.dispatch.forkjoin.ForkJoinPool.runWorker(ForkJoinPool.java:1979)
	at akka.dispatch.forkjoin.ForkJoinWorkerThread.run(ForkJoinWorkerThread.java:107)
2018-07-06 17:21:06,114 [ERROR] from play.api.libs.Files$DefaultTemporaryFileReaper in application-play.akka.blockingIoDispatcher-64 - Cannot delete C:\Users\yongan\AppData\Local\Temp\playtemp5912210335350366655\multipartBody3006694160402127190asTemporaryFile
java.nio.file.FileSystemException: C:\Users\yongan\AppData\Local\Temp\playtemp5912210335350366655\multipartBody3006694160402127190asTemporaryFile: The process cannot access the file because it is being used by another process.

	at sun.nio.fs.WindowsException.translateToIOException(WindowsException.java:86)
	at sun.nio.fs.WindowsException.rethrowAsIOException(WindowsException.java:97)
	at sun.nio.fs.WindowsException.rethrowAsIOException(WindowsException.java:102)
	at sun.nio.fs.WindowsFileSystemProvider.implDelete(WindowsFileSystemProvider.java:269)
	at sun.nio.fs.AbstractFileSystemProvider.deleteIfExists(AbstractFileSystemProvider.java:108)
	at java.nio.file.Files.deleteIfExists(Files.java:1165)
	at play.api.libs.Files$DefaultTemporaryFileReaper.delete(Files.scala:284)
	at play.api.libs.Files$DefaultTemporaryFileReaper$$anonfun$reap$2$$anonfun$apply$1$$anonfun$apply$2.apply(Files.scala:272)
	at play.api.libs.Files$DefaultTemporaryFileReaper$$anonfun$reap$2$$anonfun$apply$1$$anonfun$apply$2.apply(Files.scala:272)
	at scala.collection.immutable.List.foreach(List.scala:392)
	at play.api.libs.Files$DefaultTemporaryFileReaper$$anonfun$reap$2$$anonfun$apply$1.apply(Files.scala:272)
	at play.api.libs.Files$DefaultTemporaryFileReaper$$anonfun$reap$2$$anonfun$apply$1.apply(Files.scala:259)
	at scala.Option.map(Option.scala:146)
	at play.api.libs.Files$DefaultTemporaryFileReaper$$anonfun$reap$2.apply(Files.scala:259)
	at play.api.libs.Files$DefaultTemporaryFileReaper$$anonfun$reap$2.apply(Files.scala:278)
	at scala.concurrent.impl.Future$PromiseCompletingRunnable.liftedTree1$1(Future.scala:24)
	at scala.concurrent.impl.Future$PromiseCompletingRunnable.run(Future.scala:24)
	at akka.dispatch.TaskInvocation.run(AbstractDispatcher.scala:40)
	at akka.dispatch.ForkJoinExecutorConfigurator$AkkaForkJoinTask.exec(ForkJoinExecutorConfigurator.scala:43)
	at akka.dispatch.forkjoin.ForkJoinTask.doExec(ForkJoinTask.java:260)
	at akka.dispatch.forkjoin.ForkJoinPool$WorkQueue.runTask(ForkJoinPool.java:1339)
	at akka.dispatch.forkjoin.ForkJoinPool.runWorker(ForkJoinPool.java:1979)
	at akka.dispatch.forkjoin.ForkJoinWorkerThread.run(ForkJoinWorkerThread.java:107)
2018-07-06 17:21:06,114 [ERROR] from play.api.libs.Files$DefaultTemporaryFileReaper in application-play.akka.blockingIoDispatcher-64 - Cannot delete C:\Users\yongan\AppData\Local\Temp\playtemp5912210335350366655\multipartBody5784624457616511505asTemporaryFile
java.nio.file.FileSystemException: C:\Users\yongan\AppData\Local\Temp\playtemp5912210335350366655\multipartBody5784624457616511505asTemporaryFile: The process cannot access the file because it is being used by another process.

	at sun.nio.fs.WindowsException.translateToIOException(WindowsException.java:86)
	at sun.nio.fs.WindowsException.rethrowAsIOException(WindowsException.java:97)
	at sun.nio.fs.WindowsException.rethrowAsIOException(WindowsException.java:102)
	at sun.nio.fs.WindowsFileSystemProvider.implDelete(WindowsFileSystemProvider.java:269)
	at sun.nio.fs.AbstractFileSystemProvider.deleteIfExists(AbstractFileSystemProvider.java:108)
	at java.nio.file.Files.deleteIfExists(Files.java:1165)
	at play.api.libs.Files$DefaultTemporaryFileReaper.delete(Files.scala:284)
	at play.api.libs.Files$DefaultTemporaryFileReaper$$anonfun$reap$2$$anonfun$apply$1$$anonfun$apply$2.apply(Files.scala:272)
	at play.api.libs.Files$DefaultTemporaryFileReaper$$anonfun$reap$2$$anonfun$apply$1$$anonfun$apply$2.apply(Files.scala:272)
	at scala.collection.immutable.List.foreach(List.scala:392)
	at play.api.libs.Files$DefaultTemporaryFileReaper$$anonfun$reap$2$$anonfun$apply$1.apply(Files.scala:272)
	at play.api.libs.Files$DefaultTemporaryFileReaper$$anonfun$reap$2$$anonfun$apply$1.apply(Files.scala:259)
	at scala.Option.map(Option.scala:146)
	at play.api.libs.Files$DefaultTemporaryFileReaper$$anonfun$reap$2.apply(Files.scala:259)
	at play.api.libs.Files$DefaultTemporaryFileReaper$$anonfun$reap$2.apply(Files.scala:278)
	at scala.concurrent.impl.Future$PromiseCompletingRunnable.liftedTree1$1(Future.scala:24)
	at scala.concurrent.impl.Future$PromiseCompletingRunnable.run(Future.scala:24)
	at akka.dispatch.TaskInvocation.run(AbstractDispatcher.scala:40)
	at akka.dispatch.ForkJoinExecutorConfigurator$AkkaForkJoinTask.exec(ForkJoinExecutorConfigurator.scala:43)
	at akka.dispatch.forkjoin.ForkJoinTask.doExec(ForkJoinTask.java:260)
	at akka.dispatch.forkjoin.ForkJoinPool$WorkQueue.runTask(ForkJoinPool.java:1339)
	at akka.dispatch.forkjoin.ForkJoinPool.runWorker(ForkJoinPool.java:1979)
	at akka.dispatch.forkjoin.ForkJoinWorkerThread.run(ForkJoinWorkerThread.java:107)
2018-07-06 17:21:36,125 [ERROR] from play.api.libs.Files$DefaultTemporaryFileReaper in application-play.akka.blockingIoDispatcher-65 - Cannot delete C:\Users\yongan\AppData\Local\Temp\playtemp5912210335350366655\multipartBody3006694160402127190asTemporaryFile
java.nio.file.FileSystemException: C:\Users\yongan\AppData\Local\Temp\playtemp5912210335350366655\multipartBody3006694160402127190asTemporaryFile: The process cannot access the file because it is being used by another process.

	at sun.nio.fs.WindowsException.translateToIOException(WindowsException.java:86)
	at sun.nio.fs.WindowsException.rethrowAsIOException(WindowsException.java:97)
	at sun.nio.fs.WindowsException.rethrowAsIOException(WindowsException.java:102)
	at sun.nio.fs.WindowsFileSystemProvider.implDelete(WindowsFileSystemProvider.java:269)
	at sun.nio.fs.AbstractFileSystemProvider.deleteIfExists(AbstractFileSystemProvider.java:108)
	at java.nio.file.Files.deleteIfExists(Files.java:1165)
	at play.api.libs.Files$DefaultTemporaryFileReaper.delete(Files.scala:284)
	at play.api.libs.Files$DefaultTemporaryFileReaper$$anonfun$reap$2$$anonfun$apply$1$$anonfun$apply$2.apply(Files.scala:272)
	at play.api.libs.Files$DefaultTemporaryFileReaper$$anonfun$reap$2$$anonfun$apply$1$$anonfun$apply$2.apply(Files.scala:272)
	at scala.collection.immutable.List.foreach(List.scala:392)
	at play.api.libs.Files$DefaultTemporaryFileReaper$$anonfun$reap$2$$anonfun$apply$1.apply(Files.scala:272)
	at play.api.libs.Files$DefaultTemporaryFileReaper$$anonfun$reap$2$$anonfun$apply$1.apply(Files.scala:259)
	at scala.Option.map(Option.scala:146)
	at play.api.libs.Files$DefaultTemporaryFileReaper$$anonfun$reap$2.apply(Files.scala:259)
	at play.api.libs.Files$DefaultTemporaryFileReaper$$anonfun$reap$2.apply(Files.scala:278)
	at scala.concurrent.impl.Future$PromiseCompletingRunnable.liftedTree1$1(Future.scala:24)
	at scala.concurrent.impl.Future$PromiseCompletingRunnable.run(Future.scala:24)
	at akka.dispatch.TaskInvocation.run(AbstractDispatcher.scala:40)
	at akka.dispatch.ForkJoinExecutorConfigurator$AkkaForkJoinTask.exec(ForkJoinExecutorConfigurator.scala:43)
	at akka.dispatch.forkjoin.ForkJoinTask.doExec(ForkJoinTask.java:260)
	at akka.dispatch.forkjoin.ForkJoinPool$WorkQueue.runTask(ForkJoinPool.java:1339)
	at akka.dispatch.forkjoin.ForkJoinPool.runWorker(ForkJoinPool.java:1979)
	at akka.dispatch.forkjoin.ForkJoinWorkerThread.run(ForkJoinWorkerThread.java:107)
2018-07-06 17:21:36,126 [ERROR] from play.api.libs.Files$DefaultTemporaryFileReaper in application-play.akka.blockingIoDispatcher-65 - Cannot delete C:\Users\yongan\AppData\Local\Temp\playtemp5912210335350366655\multipartBody5784624457616511505asTemporaryFile
java.nio.file.FileSystemException: C:\Users\yongan\AppData\Local\Temp\playtemp5912210335350366655\multipartBody5784624457616511505asTemporaryFile: The process cannot access the file because it is being used by another process.

	at sun.nio.fs.WindowsException.translateToIOException(WindowsException.java:86)
	at sun.nio.fs.WindowsException.rethrowAsIOException(WindowsException.java:97)
	at sun.nio.fs.WindowsException.rethrowAsIOException(WindowsException.java:102)
	at sun.nio.fs.WindowsFileSystemProvider.implDelete(WindowsFileSystemProvider.java:269)
	at sun.nio.fs.AbstractFileSystemProvider.deleteIfExists(AbstractFileSystemProvider.java:108)
	at java.nio.file.Files.deleteIfExists(Files.java:1165)
	at play.api.libs.Files$DefaultTemporaryFileReaper.delete(Files.scala:284)
	at play.api.libs.Files$DefaultTemporaryFileReaper$$anonfun$reap$2$$anonfun$apply$1$$anonfun$apply$2.apply(Files.scala:272)
	at play.api.libs.Files$DefaultTemporaryFileReaper$$anonfun$reap$2$$anonfun$apply$1$$anonfun$apply$2.apply(Files.scala:272)
	at scala.collection.immutable.List.foreach(List.scala:392)
	at play.api.libs.Files$DefaultTemporaryFileReaper$$anonfun$reap$2$$anonfun$apply$1.apply(Files.scala:272)
	at play.api.libs.Files$DefaultTemporaryFileReaper$$anonfun$reap$2$$anonfun$apply$1.apply(Files.scala:259)
	at scala.Option.map(Option.scala:146)
	at play.api.libs.Files$DefaultTemporaryFileReaper$$anonfun$reap$2.apply(Files.scala:259)
	at play.api.libs.Files$DefaultTemporaryFileReaper$$anonfun$reap$2.apply(Files.scala:278)
	at scala.concurrent.impl.Future$PromiseCompletingRunnable.liftedTree1$1(Future.scala:24)
	at scala.concurrent.impl.Future$PromiseCompletingRunnable.run(Future.scala:24)
	at akka.dispatch.TaskInvocation.run(AbstractDispatcher.scala:40)
	at akka.dispatch.ForkJoinExecutorConfigurator$AkkaForkJoinTask.exec(ForkJoinExecutorConfigurator.scala:43)
	at akka.dispatch.forkjoin.ForkJoinTask.doExec(ForkJoinTask.java:260)
	at akka.dispatch.forkjoin.ForkJoinPool$WorkQueue.runTask(ForkJoinPool.java:1339)
	at akka.dispatch.forkjoin.ForkJoinPool.runWorker(ForkJoinPool.java:1979)
	at akka.dispatch.forkjoin.ForkJoinWorkerThread.run(ForkJoinWorkerThread.java:107)
2018-07-06 17:22:06,115 [ERROR] from play.api.libs.Files$DefaultTemporaryFileReaper in application-play.akka.blockingIoDispatcher-66 - Cannot delete C:\Users\yongan\AppData\Local\Temp\playtemp5912210335350366655\multipartBody3006694160402127190asTemporaryFile
java.nio.file.FileSystemException: C:\Users\yongan\AppData\Local\Temp\playtemp5912210335350366655\multipartBody3006694160402127190asTemporaryFile: The process cannot access the file because it is being used by another process.

	at sun.nio.fs.WindowsException.translateToIOException(WindowsException.java:86)
	at sun.nio.fs.WindowsException.rethrowAsIOException(WindowsException.java:97)
	at sun.nio.fs.WindowsException.rethrowAsIOException(WindowsException.java:102)
	at sun.nio.fs.WindowsFileSystemProvider.implDelete(WindowsFileSystemProvider.java:269)
	at sun.nio.fs.AbstractFileSystemProvider.deleteIfExists(AbstractFileSystemProvider.java:108)
	at java.nio.file.Files.deleteIfExists(Files.java:1165)
	at play.api.libs.Files$DefaultTemporaryFileReaper.delete(Files.scala:284)
	at play.api.libs.Files$DefaultTemporaryFileReaper$$anonfun$reap$2$$anonfun$apply$1$$anonfun$apply$2.apply(Files.scala:272)
	at play.api.libs.Files$DefaultTemporaryFileReaper$$anonfun$reap$2$$anonfun$apply$1$$anonfun$apply$2.apply(Files.scala:272)
	at scala.collection.immutable.List.foreach(List.scala:392)
	at play.api.libs.Files$DefaultTemporaryFileReaper$$anonfun$reap$2$$anonfun$apply$1.apply(Files.scala:272)
	at play.api.libs.Files$DefaultTemporaryFileReaper$$anonfun$reap$2$$anonfun$apply$1.apply(Files.scala:259)
	at scala.Option.map(Option.scala:146)
	at play.api.libs.Files$DefaultTemporaryFileReaper$$anonfun$reap$2.apply(Files.scala:259)
	at play.api.libs.Files$DefaultTemporaryFileReaper$$anonfun$reap$2.apply(Files.scala:278)
	at scala.concurrent.impl.Future$PromiseCompletingRunnable.liftedTree1$1(Future.scala:24)
	at scala.concurrent.impl.Future$PromiseCompletingRunnable.run(Future.scala:24)
	at akka.dispatch.TaskInvocation.run(AbstractDispatcher.scala:40)
	at akka.dispatch.ForkJoinExecutorConfigurator$AkkaForkJoinTask.exec(ForkJoinExecutorConfigurator.scala:43)
	at akka.dispatch.forkjoin.ForkJoinTask.doExec(ForkJoinTask.java:260)
	at akka.dispatch.forkjoin.ForkJoinPool$WorkQueue.runTask(ForkJoinPool.java:1339)
	at akka.dispatch.forkjoin.ForkJoinPool.runWorker(ForkJoinPool.java:1979)
	at akka.dispatch.forkjoin.ForkJoinWorkerThread.run(ForkJoinWorkerThread.java:107)
2018-07-06 17:22:06,115 [ERROR] from play.api.libs.Files$DefaultTemporaryFileReaper in application-play.akka.blockingIoDispatcher-66 - Cannot delete C:\Users\yongan\AppData\Local\Temp\playtemp5912210335350366655\multipartBody5784624457616511505asTemporaryFile
java.nio.file.FileSystemException: C:\Users\yongan\AppData\Local\Temp\playtemp5912210335350366655\multipartBody5784624457616511505asTemporaryFile: The process cannot access the file because it is being used by another process.

	at sun.nio.fs.WindowsException.translateToIOException(WindowsException.java:86)
	at sun.nio.fs.WindowsException.rethrowAsIOException(WindowsException.java:97)
	at sun.nio.fs.WindowsException.rethrowAsIOException(WindowsException.java:102)
	at sun.nio.fs.WindowsFileSystemProvider.implDelete(WindowsFileSystemProvider.java:269)
	at sun.nio.fs.AbstractFileSystemProvider.deleteIfExists(AbstractFileSystemProvider.java:108)
	at java.nio.file.Files.deleteIfExists(Files.java:1165)
	at play.api.libs.Files$DefaultTemporaryFileReaper.delete(Files.scala:284)
	at play.api.libs.Files$DefaultTemporaryFileReaper$$anonfun$reap$2$$anonfun$apply$1$$anonfun$apply$2.apply(Files.scala:272)
	at play.api.libs.Files$DefaultTemporaryFileReaper$$anonfun$reap$2$$anonfun$apply$1$$anonfun$apply$2.apply(Files.scala:272)
	at scala.collection.immutable.List.foreach(List.scala:392)
	at play.api.libs.Files$DefaultTemporaryFileReaper$$anonfun$reap$2$$anonfun$apply$1.apply(Files.scala:272)
	at play.api.libs.Files$DefaultTemporaryFileReaper$$anonfun$reap$2$$anonfun$apply$1.apply(Files.scala:259)
	at scala.Option.map(Option.scala:146)
	at play.api.libs.Files$DefaultTemporaryFileReaper$$anonfun$reap$2.apply(Files.scala:259)
	at play.api.libs.Files$DefaultTemporaryFileReaper$$anonfun$reap$2.apply(Files.scala:278)
	at scala.concurrent.impl.Future$PromiseCompletingRunnable.liftedTree1$1(Future.scala:24)
	at scala.concurrent.impl.Future$PromiseCompletingRunnable.run(Future.scala:24)
	at akka.dispatch.TaskInvocation.run(AbstractDispatcher.scala:40)
	at akka.dispatch.ForkJoinExecutorConfigurator$AkkaForkJoinTask.exec(ForkJoinExecutorConfigurator.scala:43)
	at akka.dispatch.forkjoin.ForkJoinTask.doExec(ForkJoinTask.java:260)
	at akka.dispatch.forkjoin.ForkJoinPool$WorkQueue.runTask(ForkJoinPool.java:1339)
	at akka.dispatch.forkjoin.ForkJoinPool.runWorker(ForkJoinPool.java:1979)
	at akka.dispatch.forkjoin.ForkJoinWorkerThread.run(ForkJoinWorkerThread.java:107)
2018-07-06 17:22:36,101 [ERROR] from play.api.libs.Files$DefaultTemporaryFileReaper in application-play.akka.blockingIoDispatcher-67 - Cannot delete C:\Users\yongan\AppData\Local\Temp\playtemp5912210335350366655\multipartBody3006694160402127190asTemporaryFile
java.nio.file.FileSystemException: C:\Users\yongan\AppData\Local\Temp\playtemp5912210335350366655\multipartBody3006694160402127190asTemporaryFile: The process cannot access the file because it is being used by another process.

	at sun.nio.fs.WindowsException.translateToIOException(WindowsException.java:86)
	at sun.nio.fs.WindowsException.rethrowAsIOException(WindowsException.java:97)
	at sun.nio.fs.WindowsException.rethrowAsIOException(WindowsException.java:102)
	at sun.nio.fs.WindowsFileSystemProvider.implDelete(WindowsFileSystemProvider.java:269)
	at sun.nio.fs.AbstractFileSystemProvider.deleteIfExists(AbstractFileSystemProvider.java:108)
	at java.nio.file.Files.deleteIfExists(Files.java:1165)
	at play.api.libs.Files$DefaultTemporaryFileReaper.delete(Files.scala:284)
	at play.api.libs.Files$DefaultTemporaryFileReaper$$anonfun$reap$2$$anonfun$apply$1$$anonfun$apply$2.apply(Files.scala:272)
	at play.api.libs.Files$DefaultTemporaryFileReaper$$anonfun$reap$2$$anonfun$apply$1$$anonfun$apply$2.apply(Files.scala:272)
	at scala.collection.immutable.List.foreach(List.scala:392)
	at play.api.libs.Files$DefaultTemporaryFileReaper$$anonfun$reap$2$$anonfun$apply$1.apply(Files.scala:272)
	at play.api.libs.Files$DefaultTemporaryFileReaper$$anonfun$reap$2$$anonfun$apply$1.apply(Files.scala:259)
	at scala.Option.map(Option.scala:146)
	at play.api.libs.Files$DefaultTemporaryFileReaper$$anonfun$reap$2.apply(Files.scala:259)
	at play.api.libs.Files$DefaultTemporaryFileReaper$$anonfun$reap$2.apply(Files.scala:278)
	at scala.concurrent.impl.Future$PromiseCompletingRunnable.liftedTree1$1(Future.scala:24)
	at scala.concurrent.impl.Future$PromiseCompletingRunnable.run(Future.scala:24)
	at akka.dispatch.TaskInvocation.run(AbstractDispatcher.scala:40)
	at akka.dispatch.ForkJoinExecutorConfigurator$AkkaForkJoinTask.exec(ForkJoinExecutorConfigurator.scala:43)
	at akka.dispatch.forkjoin.ForkJoinTask.doExec(ForkJoinTask.java:260)
	at akka.dispatch.forkjoin.ForkJoinPool$WorkQueue.runTask(ForkJoinPool.java:1339)
	at akka.dispatch.forkjoin.ForkJoinPool.runWorker(ForkJoinPool.java:1979)
	at akka.dispatch.forkjoin.ForkJoinWorkerThread.run(ForkJoinWorkerThread.java:107)
2018-07-06 17:22:36,102 [ERROR] from play.api.libs.Files$DefaultTemporaryFileReaper in application-play.akka.blockingIoDispatcher-67 - Cannot delete C:\Users\yongan\AppData\Local\Temp\playtemp5912210335350366655\multipartBody5784624457616511505asTemporaryFile
java.nio.file.FileSystemException: C:\Users\yongan\AppData\Local\Temp\playtemp5912210335350366655\multipartBody5784624457616511505asTemporaryFile: The process cannot access the file because it is being used by another process.

	at sun.nio.fs.WindowsException.translateToIOException(WindowsException.java:86)
	at sun.nio.fs.WindowsException.rethrowAsIOException(WindowsException.java:97)
	at sun.nio.fs.WindowsException.rethrowAsIOException(WindowsException.java:102)
	at sun.nio.fs.WindowsFileSystemProvider.implDelete(WindowsFileSystemProvider.java:269)
	at sun.nio.fs.AbstractFileSystemProvider.deleteIfExists(AbstractFileSystemProvider.java:108)
	at java.nio.file.Files.deleteIfExists(Files.java:1165)
	at play.api.libs.Files$DefaultTemporaryFileReaper.delete(Files.scala:284)
	at play.api.libs.Files$DefaultTemporaryFileReaper$$anonfun$reap$2$$anonfun$apply$1$$anonfun$apply$2.apply(Files.scala:272)
	at play.api.libs.Files$DefaultTemporaryFileReaper$$anonfun$reap$2$$anonfun$apply$1$$anonfun$apply$2.apply(Files.scala:272)
	at scala.collection.immutable.List.foreach(List.scala:392)
	at play.api.libs.Files$DefaultTemporaryFileReaper$$anonfun$reap$2$$anonfun$apply$1.apply(Files.scala:272)
	at play.api.libs.Files$DefaultTemporaryFileReaper$$anonfun$reap$2$$anonfun$apply$1.apply(Files.scala:259)
	at scala.Option.map(Option.scala:146)
	at play.api.libs.Files$DefaultTemporaryFileReaper$$anonfun$reap$2.apply(Files.scala:259)
	at play.api.libs.Files$DefaultTemporaryFileReaper$$anonfun$reap$2.apply(Files.scala:278)
	at scala.concurrent.impl.Future$PromiseCompletingRunnable.liftedTree1$1(Future.scala:24)
	at scala.concurrent.impl.Future$PromiseCompletingRunnable.run(Future.scala:24)
	at akka.dispatch.TaskInvocation.run(AbstractDispatcher.scala:40)
	at akka.dispatch.ForkJoinExecutorConfigurator$AkkaForkJoinTask.exec(ForkJoinExecutorConfigurator.scala:43)
	at akka.dispatch.forkjoin.ForkJoinTask.doExec(ForkJoinTask.java:260)
	at akka.dispatch.forkjoin.ForkJoinPool$WorkQueue.runTask(ForkJoinPool.java:1339)
	at akka.dispatch.forkjoin.ForkJoinPool.runWorker(ForkJoinPool.java:1979)
	at akka.dispatch.forkjoin.ForkJoinWorkerThread.run(ForkJoinWorkerThread.java:107)
2018-07-06 17:23:06,115 [ERROR] from play.api.libs.Files$DefaultTemporaryFileReaper in application-play.akka.blockingIoDispatcher-68 - Cannot delete C:\Users\yongan\AppData\Local\Temp\playtemp5912210335350366655\multipartBody3006694160402127190asTemporaryFile
java.nio.file.FileSystemException: C:\Users\yongan\AppData\Local\Temp\playtemp5912210335350366655\multipartBody3006694160402127190asTemporaryFile: The process cannot access the file because it is being used by another process.

	at sun.nio.fs.WindowsException.translateToIOException(WindowsException.java:86)
	at sun.nio.fs.WindowsException.rethrowAsIOException(WindowsException.java:97)
	at sun.nio.fs.WindowsException.rethrowAsIOException(WindowsException.java:102)
	at sun.nio.fs.WindowsFileSystemProvider.implDelete(WindowsFileSystemProvider.java:269)
	at sun.nio.fs.AbstractFileSystemProvider.deleteIfExists(AbstractFileSystemProvider.java:108)
	at java.nio.file.Files.deleteIfExists(Files.java:1165)
	at play.api.libs.Files$DefaultTemporaryFileReaper.delete(Files.scala:284)
	at play.api.libs.Files$DefaultTemporaryFileReaper$$anonfun$reap$2$$anonfun$apply$1$$anonfun$apply$2.apply(Files.scala:272)
	at play.api.libs.Files$DefaultTemporaryFileReaper$$anonfun$reap$2$$anonfun$apply$1$$anonfun$apply$2.apply(Files.scala:272)
	at scala.collection.immutable.List.foreach(List.scala:392)
	at play.api.libs.Files$DefaultTemporaryFileReaper$$anonfun$reap$2$$anonfun$apply$1.apply(Files.scala:272)
	at play.api.libs.Files$DefaultTemporaryFileReaper$$anonfun$reap$2$$anonfun$apply$1.apply(Files.scala:259)
	at scala.Option.map(Option.scala:146)
	at play.api.libs.Files$DefaultTemporaryFileReaper$$anonfun$reap$2.apply(Files.scala:259)
	at play.api.libs.Files$DefaultTemporaryFileReaper$$anonfun$reap$2.apply(Files.scala:278)
	at scala.concurrent.impl.Future$PromiseCompletingRunnable.liftedTree1$1(Future.scala:24)
	at scala.concurrent.impl.Future$PromiseCompletingRunnable.run(Future.scala:24)
	at akka.dispatch.TaskInvocation.run(AbstractDispatcher.scala:40)
	at akka.dispatch.ForkJoinExecutorConfigurator$AkkaForkJoinTask.exec(ForkJoinExecutorConfigurator.scala:43)
	at akka.dispatch.forkjoin.ForkJoinTask.doExec(ForkJoinTask.java:260)
	at akka.dispatch.forkjoin.ForkJoinPool$WorkQueue.runTask(ForkJoinPool.java:1339)
	at akka.dispatch.forkjoin.ForkJoinPool.runWorker(ForkJoinPool.java:1979)
	at akka.dispatch.forkjoin.ForkJoinWorkerThread.run(ForkJoinWorkerThread.java:107)
2018-07-06 17:23:06,115 [ERROR] from play.api.libs.Files$DefaultTemporaryFileReaper in application-play.akka.blockingIoDispatcher-68 - Cannot delete C:\Users\yongan\AppData\Local\Temp\playtemp5912210335350366655\multipartBody5784624457616511505asTemporaryFile
java.nio.file.FileSystemException: C:\Users\yongan\AppData\Local\Temp\playtemp5912210335350366655\multipartBody5784624457616511505asTemporaryFile: The process cannot access the file because it is being used by another process.

	at sun.nio.fs.WindowsException.translateToIOException(WindowsException.java:86)
	at sun.nio.fs.WindowsException.rethrowAsIOException(WindowsException.java:97)
	at sun.nio.fs.WindowsException.rethrowAsIOException(WindowsException.java:102)
	at sun.nio.fs.WindowsFileSystemProvider.implDelete(WindowsFileSystemProvider.java:269)
	at sun.nio.fs.AbstractFileSystemProvider.deleteIfExists(AbstractFileSystemProvider.java:108)
	at java.nio.file.Files.deleteIfExists(Files.java:1165)
	at play.api.libs.Files$DefaultTemporaryFileReaper.delete(Files.scala:284)
	at play.api.libs.Files$DefaultTemporaryFileReaper$$anonfun$reap$2$$anonfun$apply$1$$anonfun$apply$2.apply(Files.scala:272)
	at play.api.libs.Files$DefaultTemporaryFileReaper$$anonfun$reap$2$$anonfun$apply$1$$anonfun$apply$2.apply(Files.scala:272)
	at scala.collection.immutable.List.foreach(List.scala:392)
	at play.api.libs.Files$DefaultTemporaryFileReaper$$anonfun$reap$2$$anonfun$apply$1.apply(Files.scala:272)
	at play.api.libs.Files$DefaultTemporaryFileReaper$$anonfun$reap$2$$anonfun$apply$1.apply(Files.scala:259)
	at scala.Option.map(Option.scala:146)
	at play.api.libs.Files$DefaultTemporaryFileReaper$$anonfun$reap$2.apply(Files.scala:259)
	at play.api.libs.Files$DefaultTemporaryFileReaper$$anonfun$reap$2.apply(Files.scala:278)
	at scala.concurrent.impl.Future$PromiseCompletingRunnable.liftedTree1$1(Future.scala:24)
	at scala.concurrent.impl.Future$PromiseCompletingRunnable.run(Future.scala:24)
	at akka.dispatch.TaskInvocation.run(AbstractDispatcher.scala:40)
	at akka.dispatch.ForkJoinExecutorConfigurator$AkkaForkJoinTask.exec(ForkJoinExecutorConfigurator.scala:43)
	at akka.dispatch.forkjoin.ForkJoinTask.doExec(ForkJoinTask.java:260)
	at akka.dispatch.forkjoin.ForkJoinPool$WorkQueue.runTask(ForkJoinPool.java:1339)
	at akka.dispatch.forkjoin.ForkJoinPool.runWorker(ForkJoinPool.java:1979)
	at akka.dispatch.forkjoin.ForkJoinWorkerThread.run(ForkJoinWorkerThread.java:107)
2018-07-06 17:23:36,100 [ERROR] from play.api.libs.Files$DefaultTemporaryFileReaper in application-play.akka.blockingIoDispatcher-69 - Cannot delete C:\Users\yongan\AppData\Local\Temp\playtemp5912210335350366655\multipartBody3006694160402127190asTemporaryFile
java.nio.file.FileSystemException: C:\Users\yongan\AppData\Local\Temp\playtemp5912210335350366655\multipartBody3006694160402127190asTemporaryFile: The process cannot access the file because it is being used by another process.

	at sun.nio.fs.WindowsException.translateToIOException(WindowsException.java:86)
	at sun.nio.fs.WindowsException.rethrowAsIOException(WindowsException.java:97)
	at sun.nio.fs.WindowsException.rethrowAsIOException(WindowsException.java:102)
	at sun.nio.fs.WindowsFileSystemProvider.implDelete(WindowsFileSystemProvider.java:269)
	at sun.nio.fs.AbstractFileSystemProvider.deleteIfExists(AbstractFileSystemProvider.java:108)
	at java.nio.file.Files.deleteIfExists(Files.java:1165)
	at play.api.libs.Files$DefaultTemporaryFileReaper.delete(Files.scala:284)
	at play.api.libs.Files$DefaultTemporaryFileReaper$$anonfun$reap$2$$anonfun$apply$1$$anonfun$apply$2.apply(Files.scala:272)
	at play.api.libs.Files$DefaultTemporaryFileReaper$$anonfun$reap$2$$anonfun$apply$1$$anonfun$apply$2.apply(Files.scala:272)
	at scala.collection.immutable.List.foreach(List.scala:392)
	at play.api.libs.Files$DefaultTemporaryFileReaper$$anonfun$reap$2$$anonfun$apply$1.apply(Files.scala:272)
	at play.api.libs.Files$DefaultTemporaryFileReaper$$anonfun$reap$2$$anonfun$apply$1.apply(Files.scala:259)
	at scala.Option.map(Option.scala:146)
	at play.api.libs.Files$DefaultTemporaryFileReaper$$anonfun$reap$2.apply(Files.scala:259)
	at play.api.libs.Files$DefaultTemporaryFileReaper$$anonfun$reap$2.apply(Files.scala:278)
	at scala.concurrent.impl.Future$PromiseCompletingRunnable.liftedTree1$1(Future.scala:24)
	at scala.concurrent.impl.Future$PromiseCompletingRunnable.run(Future.scala:24)
	at akka.dispatch.TaskInvocation.run(AbstractDispatcher.scala:40)
	at akka.dispatch.ForkJoinExecutorConfigurator$AkkaForkJoinTask.exec(ForkJoinExecutorConfigurator.scala:43)
	at akka.dispatch.forkjoin.ForkJoinTask.doExec(ForkJoinTask.java:260)
	at akka.dispatch.forkjoin.ForkJoinPool$WorkQueue.runTask(ForkJoinPool.java:1339)
	at akka.dispatch.forkjoin.ForkJoinPool.runWorker(ForkJoinPool.java:1979)
	at akka.dispatch.forkjoin.ForkJoinWorkerThread.run(ForkJoinWorkerThread.java:107)
2018-07-06 17:23:36,101 [ERROR] from play.api.libs.Files$DefaultTemporaryFileReaper in application-play.akka.blockingIoDispatcher-69 - Cannot delete C:\Users\yongan\AppData\Local\Temp\playtemp5912210335350366655\multipartBody5784624457616511505asTemporaryFile
java.nio.file.FileSystemException: C:\Users\yongan\AppData\Local\Temp\playtemp5912210335350366655\multipartBody5784624457616511505asTemporaryFile: The process cannot access the file because it is being used by another process.

	at sun.nio.fs.WindowsException.translateToIOException(WindowsException.java:86)
	at sun.nio.fs.WindowsException.rethrowAsIOException(WindowsException.java:97)
	at sun.nio.fs.WindowsException.rethrowAsIOException(WindowsException.java:102)
	at sun.nio.fs.WindowsFileSystemProvider.implDelete(WindowsFileSystemProvider.java:269)
	at sun.nio.fs.AbstractFileSystemProvider.deleteIfExists(AbstractFileSystemProvider.java:108)
	at java.nio.file.Files.deleteIfExists(Files.java:1165)
	at play.api.libs.Files$DefaultTemporaryFileReaper.delete(Files.scala:284)
	at play.api.libs.Files$DefaultTemporaryFileReaper$$anonfun$reap$2$$anonfun$apply$1$$anonfun$apply$2.apply(Files.scala:272)
	at play.api.libs.Files$DefaultTemporaryFileReaper$$anonfun$reap$2$$anonfun$apply$1$$anonfun$apply$2.apply(Files.scala:272)
	at scala.collection.immutable.List.foreach(List.scala:392)
	at play.api.libs.Files$DefaultTemporaryFileReaper$$anonfun$reap$2$$anonfun$apply$1.apply(Files.scala:272)
	at play.api.libs.Files$DefaultTemporaryFileReaper$$anonfun$reap$2$$anonfun$apply$1.apply(Files.scala:259)
	at scala.Option.map(Option.scala:146)
	at play.api.libs.Files$DefaultTemporaryFileReaper$$anonfun$reap$2.apply(Files.scala:259)
	at play.api.libs.Files$DefaultTemporaryFileReaper$$anonfun$reap$2.apply(Files.scala:278)
	at scala.concurrent.impl.Future$PromiseCompletingRunnable.liftedTree1$1(Future.scala:24)
	at scala.concurrent.impl.Future$PromiseCompletingRunnable.run(Future.scala:24)
	at akka.dispatch.TaskInvocation.run(AbstractDispatcher.scala:40)
	at akka.dispatch.ForkJoinExecutorConfigurator$AkkaForkJoinTask.exec(ForkJoinExecutorConfigurator.scala:43)
	at akka.dispatch.forkjoin.ForkJoinTask.doExec(ForkJoinTask.java:260)
	at akka.dispatch.forkjoin.ForkJoinPool$WorkQueue.runTask(ForkJoinPool.java:1339)
	at akka.dispatch.forkjoin.ForkJoinPool.runWorker(ForkJoinPool.java:1979)
	at akka.dispatch.forkjoin.ForkJoinWorkerThread.run(ForkJoinWorkerThread.java:107)
2018-07-06 17:24:06,130 [ERROR] from play.api.libs.Files$DefaultTemporaryFileReaper in application-play.akka.blockingIoDispatcher-70 - Cannot delete C:\Users\yongan\AppData\Local\Temp\playtemp5912210335350366655\multipartBody3006694160402127190asTemporaryFile
java.nio.file.FileSystemException: C:\Users\yongan\AppData\Local\Temp\playtemp5912210335350366655\multipartBody3006694160402127190asTemporaryFile: The process cannot access the file because it is being used by another process.

	at sun.nio.fs.WindowsException.translateToIOException(WindowsException.java:86)
	at sun.nio.fs.WindowsException.rethrowAsIOException(WindowsException.java:97)
	at sun.nio.fs.WindowsException.rethrowAsIOException(WindowsException.java:102)
	at sun.nio.fs.WindowsFileSystemProvider.implDelete(WindowsFileSystemProvider.java:269)
	at sun.nio.fs.AbstractFileSystemProvider.deleteIfExists(AbstractFileSystemProvider.java:108)
	at java.nio.file.Files.deleteIfExists(Files.java:1165)
	at play.api.libs.Files$DefaultTemporaryFileReaper.delete(Files.scala:284)
	at play.api.libs.Files$DefaultTemporaryFileReaper$$anonfun$reap$2$$anonfun$apply$1$$anonfun$apply$2.apply(Files.scala:272)
	at play.api.libs.Files$DefaultTemporaryFileReaper$$anonfun$reap$2$$anonfun$apply$1$$anonfun$apply$2.apply(Files.scala:272)
	at scala.collection.immutable.List.foreach(List.scala:392)
	at play.api.libs.Files$DefaultTemporaryFileReaper$$anonfun$reap$2$$anonfun$apply$1.apply(Files.scala:272)
	at play.api.libs.Files$DefaultTemporaryFileReaper$$anonfun$reap$2$$anonfun$apply$1.apply(Files.scala:259)
	at scala.Option.map(Option.scala:146)
	at play.api.libs.Files$DefaultTemporaryFileReaper$$anonfun$reap$2.apply(Files.scala:259)
	at play.api.libs.Files$DefaultTemporaryFileReaper$$anonfun$reap$2.apply(Files.scala:278)
	at scala.concurrent.impl.Future$PromiseCompletingRunnable.liftedTree1$1(Future.scala:24)
	at scala.concurrent.impl.Future$PromiseCompletingRunnable.run(Future.scala:24)
	at akka.dispatch.TaskInvocation.run(AbstractDispatcher.scala:40)
	at akka.dispatch.ForkJoinExecutorConfigurator$AkkaForkJoinTask.exec(ForkJoinExecutorConfigurator.scala:43)
	at akka.dispatch.forkjoin.ForkJoinTask.doExec(ForkJoinTask.java:260)
	at akka.dispatch.forkjoin.ForkJoinPool$WorkQueue.runTask(ForkJoinPool.java:1339)
	at akka.dispatch.forkjoin.ForkJoinPool.runWorker(ForkJoinPool.java:1979)
	at akka.dispatch.forkjoin.ForkJoinWorkerThread.run(ForkJoinWorkerThread.java:107)
2018-07-06 17:24:06,132 [ERROR] from play.api.libs.Files$DefaultTemporaryFileReaper in application-play.akka.blockingIoDispatcher-70 - Cannot delete C:\Users\yongan\AppData\Local\Temp\playtemp5912210335350366655\multipartBody5784624457616511505asTemporaryFile
java.nio.file.FileSystemException: C:\Users\yongan\AppData\Local\Temp\playtemp5912210335350366655\multipartBody5784624457616511505asTemporaryFile: The process cannot access the file because it is being used by another process.

	at sun.nio.fs.WindowsException.translateToIOException(WindowsException.java:86)
	at sun.nio.fs.WindowsException.rethrowAsIOException(WindowsException.java:97)
	at sun.nio.fs.WindowsException.rethrowAsIOException(WindowsException.java:102)
	at sun.nio.fs.WindowsFileSystemProvider.implDelete(WindowsFileSystemProvider.java:269)
	at sun.nio.fs.AbstractFileSystemProvider.deleteIfExists(AbstractFileSystemProvider.java:108)
	at java.nio.file.Files.deleteIfExists(Files.java:1165)
	at play.api.libs.Files$DefaultTemporaryFileReaper.delete(Files.scala:284)
	at play.api.libs.Files$DefaultTemporaryFileReaper$$anonfun$reap$2$$anonfun$apply$1$$anonfun$apply$2.apply(Files.scala:272)
	at play.api.libs.Files$DefaultTemporaryFileReaper$$anonfun$reap$2$$anonfun$apply$1$$anonfun$apply$2.apply(Files.scala:272)
	at scala.collection.immutable.List.foreach(List.scala:392)
	at play.api.libs.Files$DefaultTemporaryFileReaper$$anonfun$reap$2$$anonfun$apply$1.apply(Files.scala:272)
	at play.api.libs.Files$DefaultTemporaryFileReaper$$anonfun$reap$2$$anonfun$apply$1.apply(Files.scala:259)
	at scala.Option.map(Option.scala:146)
	at play.api.libs.Files$DefaultTemporaryFileReaper$$anonfun$reap$2.apply(Files.scala:259)
	at play.api.libs.Files$DefaultTemporaryFileReaper$$anonfun$reap$2.apply(Files.scala:278)
	at scala.concurrent.impl.Future$PromiseCompletingRunnable.liftedTree1$1(Future.scala:24)
	at scala.concurrent.impl.Future$PromiseCompletingRunnable.run(Future.scala:24)
	at akka.dispatch.TaskInvocation.run(AbstractDispatcher.scala:40)
	at akka.dispatch.ForkJoinExecutorConfigurator$AkkaForkJoinTask.exec(ForkJoinExecutorConfigurator.scala:43)
	at akka.dispatch.forkjoin.ForkJoinTask.doExec(ForkJoinTask.java:260)
	at akka.dispatch.forkjoin.ForkJoinPool$WorkQueue.runTask(ForkJoinPool.java:1339)
	at akka.dispatch.forkjoin.ForkJoinPool.runWorker(ForkJoinPool.java:1979)
	at akka.dispatch.forkjoin.ForkJoinWorkerThread.run(ForkJoinWorkerThread.java:107)
2018-07-06 17:24:36,113 [ERROR] from play.api.libs.Files$DefaultTemporaryFileReaper in application-play.akka.blockingIoDispatcher-71 - Cannot delete C:\Users\yongan\AppData\Local\Temp\playtemp5912210335350366655\multipartBody3006694160402127190asTemporaryFile
java.nio.file.FileSystemException: C:\Users\yongan\AppData\Local\Temp\playtemp5912210335350366655\multipartBody3006694160402127190asTemporaryFile: The process cannot access the file because it is being used by another process.

	at sun.nio.fs.WindowsException.translateToIOException(WindowsException.java:86)
	at sun.nio.fs.WindowsException.rethrowAsIOException(WindowsException.java:97)
	at sun.nio.fs.WindowsException.rethrowAsIOException(WindowsException.java:102)
	at sun.nio.fs.WindowsFileSystemProvider.implDelete(WindowsFileSystemProvider.java:269)
	at sun.nio.fs.AbstractFileSystemProvider.deleteIfExists(AbstractFileSystemProvider.java:108)
	at java.nio.file.Files.deleteIfExists(Files.java:1165)
	at play.api.libs.Files$DefaultTemporaryFileReaper.delete(Files.scala:284)
	at play.api.libs.Files$DefaultTemporaryFileReaper$$anonfun$reap$2$$anonfun$apply$1$$anonfun$apply$2.apply(Files.scala:272)
	at play.api.libs.Files$DefaultTemporaryFileReaper$$anonfun$reap$2$$anonfun$apply$1$$anonfun$apply$2.apply(Files.scala:272)
	at scala.collection.immutable.List.foreach(List.scala:392)
	at play.api.libs.Files$DefaultTemporaryFileReaper$$anonfun$reap$2$$anonfun$apply$1.apply(Files.scala:272)
	at play.api.libs.Files$DefaultTemporaryFileReaper$$anonfun$reap$2$$anonfun$apply$1.apply(Files.scala:259)
	at scala.Option.map(Option.scala:146)
	at play.api.libs.Files$DefaultTemporaryFileReaper$$anonfun$reap$2.apply(Files.scala:259)
	at play.api.libs.Files$DefaultTemporaryFileReaper$$anonfun$reap$2.apply(Files.scala:278)
	at scala.concurrent.impl.Future$PromiseCompletingRunnable.liftedTree1$1(Future.scala:24)
	at scala.concurrent.impl.Future$PromiseCompletingRunnable.run(Future.scala:24)
	at akka.dispatch.TaskInvocation.run(AbstractDispatcher.scala:40)
	at akka.dispatch.ForkJoinExecutorConfigurator$AkkaForkJoinTask.exec(ForkJoinExecutorConfigurator.scala:43)
	at akka.dispatch.forkjoin.ForkJoinTask.doExec(ForkJoinTask.java:260)
	at akka.dispatch.forkjoin.ForkJoinPool$WorkQueue.runTask(ForkJoinPool.java:1339)
	at akka.dispatch.forkjoin.ForkJoinPool.runWorker(ForkJoinPool.java:1979)
	at akka.dispatch.forkjoin.ForkJoinWorkerThread.run(ForkJoinWorkerThread.java:107)
2018-07-06 17:24:36,114 [ERROR] from play.api.libs.Files$DefaultTemporaryFileReaper in application-play.akka.blockingIoDispatcher-71 - Cannot delete C:\Users\yongan\AppData\Local\Temp\playtemp5912210335350366655\multipartBody5784624457616511505asTemporaryFile
java.nio.file.FileSystemException: C:\Users\yongan\AppData\Local\Temp\playtemp5912210335350366655\multipartBody5784624457616511505asTemporaryFile: The process cannot access the file because it is being used by another process.

	at sun.nio.fs.WindowsException.translateToIOException(WindowsException.java:86)
	at sun.nio.fs.WindowsException.rethrowAsIOException(WindowsException.java:97)
	at sun.nio.fs.WindowsException.rethrowAsIOException(WindowsException.java:102)
	at sun.nio.fs.WindowsFileSystemProvider.implDelete(WindowsFileSystemProvider.java:269)
	at sun.nio.fs.AbstractFileSystemProvider.deleteIfExists(AbstractFileSystemProvider.java:108)
	at java.nio.file.Files.deleteIfExists(Files.java:1165)
	at play.api.libs.Files$DefaultTemporaryFileReaper.delete(Files.scala:284)
	at play.api.libs.Files$DefaultTemporaryFileReaper$$anonfun$reap$2$$anonfun$apply$1$$anonfun$apply$2.apply(Files.scala:272)
	at play.api.libs.Files$DefaultTemporaryFileReaper$$anonfun$reap$2$$anonfun$apply$1$$anonfun$apply$2.apply(Files.scala:272)
	at scala.collection.immutable.List.foreach(List.scala:392)
	at play.api.libs.Files$DefaultTemporaryFileReaper$$anonfun$reap$2$$anonfun$apply$1.apply(Files.scala:272)
	at play.api.libs.Files$DefaultTemporaryFileReaper$$anonfun$reap$2$$anonfun$apply$1.apply(Files.scala:259)
	at scala.Option.map(Option.scala:146)
	at play.api.libs.Files$DefaultTemporaryFileReaper$$anonfun$reap$2.apply(Files.scala:259)
	at play.api.libs.Files$DefaultTemporaryFileReaper$$anonfun$reap$2.apply(Files.scala:278)
	at scala.concurrent.impl.Future$PromiseCompletingRunnable.liftedTree1$1(Future.scala:24)
	at scala.concurrent.impl.Future$PromiseCompletingRunnable.run(Future.scala:24)
	at akka.dispatch.TaskInvocation.run(AbstractDispatcher.scala:40)
	at akka.dispatch.ForkJoinExecutorConfigurator$AkkaForkJoinTask.exec(ForkJoinExecutorConfigurator.scala:43)
	at akka.dispatch.forkjoin.ForkJoinTask.doExec(ForkJoinTask.java:260)
	at akka.dispatch.forkjoin.ForkJoinPool$WorkQueue.runTask(ForkJoinPool.java:1339)
	at akka.dispatch.forkjoin.ForkJoinPool.runWorker(ForkJoinPool.java:1979)
	at akka.dispatch.forkjoin.ForkJoinWorkerThread.run(ForkJoinWorkerThread.java:107)
2018-07-06 17:24:59,069 [INFO] from play.core.server.AkkaHttpServer in pool-7-thread-6 - Stopping server...
2018-07-06 17:24:59,099 [ERROR] from play.api.libs.Files$DefaultTemporaryFileCreator in pool-7-thread-6 - Cannot delete C:\Users\yongan\AppData\Local\Temp\playtemp5912210335350366655\multipartBody3006694160402127190asTemporaryFile
java.nio.file.FileSystemException: C:\Users\yongan\AppData\Local\Temp\playtemp5912210335350366655\multipartBody3006694160402127190asTemporaryFile: The process cannot access the file because it is being used by another process.

	at sun.nio.fs.WindowsException.translateToIOException(WindowsException.java:86)
	at sun.nio.fs.WindowsException.rethrowAsIOException(WindowsException.java:97)
	at sun.nio.fs.WindowsException.rethrowAsIOException(WindowsException.java:102)
	at sun.nio.fs.WindowsFileSystemProvider.implDelete(WindowsFileSystemProvider.java:269)
	at sun.nio.fs.AbstractFileSystemProvider.deleteIfExists(AbstractFileSystemProvider.java:108)
	at java.nio.file.Files.deleteIfExists(Files.java:1165)
	at play.api.libs.Files$DefaultTemporaryFileCreator$$anonfun$play$api$libs$Files$DefaultTemporaryFileCreator$$deletePath$1.apply$mcZ$sp(Files.scala:192)
	at play.api.libs.Files$DefaultTemporaryFileCreator$$anonfun$play$api$libs$Files$DefaultTemporaryFileCreator$$deletePath$1.apply(Files.scala:192)
	at play.api.libs.Files$DefaultTemporaryFileCreator$$anonfun$play$api$libs$Files$DefaultTemporaryFileCreator$$deletePath$1.apply(Files.scala:192)
	at scala.util.Try$.apply(Try.scala:192)
	at play.api.libs.Files$DefaultTemporaryFileCreator.play$api$libs$Files$DefaultTemporaryFileCreator$$deletePath(Files.scala:192)
	at play.api.libs.Files$DefaultTemporaryFileCreator$$anonfun$2$$anon$2.visitFile(Files.scala:216)
	at play.api.libs.Files$DefaultTemporaryFileCreator$$anonfun$2$$anon$2.visitFile(Files.scala:213)
	at java.nio.file.Files.walkFileTree(Files.java:2670)
	at java.nio.file.Files.walkFileTree(Files.java:2742)
	at play.api.libs.Files$DefaultTemporaryFileCreator$$anonfun$2.apply(Files.scala:213)
	at play.api.libs.Files$DefaultTemporaryFileCreator$$anonfun$2.apply(Files.scala:212)
	at play.api.inject.DefaultApplicationLifecycle$$anonfun$clearHooks$1$1.apply(ApplicationLifecycle.scala:105)
	at play.api.inject.DefaultApplicationLifecycle$$anonfun$clearHooks$1$1.apply(ApplicationLifecycle.scala:104)
	at scala.concurrent.Future$$anonfun$flatMap$1.apply(Future.scala:253)
	at scala.concurrent.Future$$anonfun$flatMap$1.apply(Future.scala:251)
	at scala.concurrent.impl.CallbackRunnable.run(Promise.scala:36)
	at play.api.libs.streams.Execution$trampoline$.execute(Execution.scala:70)
	at scala.concurrent.impl.CallbackRunnable.executeWithValue(Promise.scala:44)
	at scala.concurrent.impl.Promise$KeptPromise.onComplete(Promise.scala:337)
	at scala.concurrent.Future$class.flatMap(Future.scala:251)
	at scala.concurrent.impl.Promise$KeptPromise.flatMap(Promise.scala:326)
	at play.api.inject.DefaultApplicationLifecycle.clearHooks$1(ApplicationLifecycle.scala:104)
	at play.api.inject.DefaultApplicationLifecycle.stop(ApplicationLifecycle.scala:112)
	at play.api.DefaultApplication.stop(Application.scala:250)
	at play.api.Play$$anonfun$stop$1.apply(Play.scala:145)
	at play.utils.Threads$.withContextClassLoader(Threads.scala:21)
	at play.api.Play$.stop(Play.scala:144)
	at play.core.server.AkkaHttpServer$$anonfun$stop$4.apply(AkkaHttpServer.scala:394)
	at play.core.server.AkkaHttpServer$$anonfun$stop$4.apply(AkkaHttpServer.scala:394)
	at scala.Option.foreach(Option.scala:257)
	at play.core.server.AkkaHttpServer.stop(AkkaHttpServer.scala:394)
	at play.runsupport.Reloader$$anon$2.close(Reloader.scala:244)
	at play.sbt.run.PlayRun$.$anonfun$playRunTask$3(PlayRun.scala:128)
	at play.sbt.run.PlayRun$.$anonfun$playRunTask$3$adapted(PlayRun.scala:65)
	at scala.Function1.$anonfun$compose$1(Function1.scala:44)
	at sbt.internal.util.$tilde$greater.$anonfun$$u2219$1(TypeFunctions.scala:42)
	at sbt.std.Transform$$anon$4.work(System.scala:64)
	at sbt.Execute.$anonfun$submit$2(Execute.scala:257)
	at sbt.internal.util.ErrorHandling$.wideConvert(ErrorHandling.scala:16)
	at sbt.Execute.work(Execute.scala:266)
	at sbt.Execute.$anonfun$submit$1(Execute.scala:257)
	at sbt.ConcurrentRestrictions$$anon$4.$anonfun$submitValid$1(ConcurrentRestrictions.scala:167)
	at sbt.CompletionService$$anon$2.call(CompletionService.scala:32)
	at java.util.concurrent.FutureTask.run(FutureTask.java:266)
	at java.util.concurrent.Executors$RunnableAdapter.call(Executors.java:511)
	at java.util.concurrent.FutureTask.run(FutureTask.java:266)
	at java.util.concurrent.ThreadPoolExecutor.runWorker(ThreadPoolExecutor.java:1149)
	at java.util.concurrent.ThreadPoolExecutor$Worker.run(ThreadPoolExecutor.java:624)
	at java.lang.Thread.run(Thread.java:748)
2018-07-06 17:24:59,100 [ERROR] from play.api.libs.Files$DefaultTemporaryFileCreator in pool-7-thread-6 - Cannot delete C:\Users\yongan\AppData\Local\Temp\playtemp5912210335350366655\multipartBody5784624457616511505asTemporaryFile
java.nio.file.FileSystemException: C:\Users\yongan\AppData\Local\Temp\playtemp5912210335350366655\multipartBody5784624457616511505asTemporaryFile: The process cannot access the file because it is being used by another process.

	at sun.nio.fs.WindowsException.translateToIOException(WindowsException.java:86)
	at sun.nio.fs.WindowsException.rethrowAsIOException(WindowsException.java:97)
	at sun.nio.fs.WindowsException.rethrowAsIOException(WindowsException.java:102)
	at sun.nio.fs.WindowsFileSystemProvider.implDelete(WindowsFileSystemProvider.java:269)
	at sun.nio.fs.AbstractFileSystemProvider.deleteIfExists(AbstractFileSystemProvider.java:108)
	at java.nio.file.Files.deleteIfExists(Files.java:1165)
	at play.api.libs.Files$DefaultTemporaryFileCreator$$anonfun$play$api$libs$Files$DefaultTemporaryFileCreator$$deletePath$1.apply$mcZ$sp(Files.scala:192)
	at play.api.libs.Files$DefaultTemporaryFileCreator$$anonfun$play$api$libs$Files$DefaultTemporaryFileCreator$$deletePath$1.apply(Files.scala:192)
	at play.api.libs.Files$DefaultTemporaryFileCreator$$anonfun$play$api$libs$Files$DefaultTemporaryFileCreator$$deletePath$1.apply(Files.scala:192)
	at scala.util.Try$.apply(Try.scala:192)
	at play.api.libs.Files$DefaultTemporaryFileCreator.play$api$libs$Files$DefaultTemporaryFileCreator$$deletePath(Files.scala:192)
	at play.api.libs.Files$DefaultTemporaryFileCreator$$anonfun$2$$anon$2.visitFile(Files.scala:216)
	at play.api.libs.Files$DefaultTemporaryFileCreator$$anonfun$2$$anon$2.visitFile(Files.scala:213)
	at java.nio.file.Files.walkFileTree(Files.java:2670)
	at java.nio.file.Files.walkFileTree(Files.java:2742)
	at play.api.libs.Files$DefaultTemporaryFileCreator$$anonfun$2.apply(Files.scala:213)
	at play.api.libs.Files$DefaultTemporaryFileCreator$$anonfun$2.apply(Files.scala:212)
	at play.api.inject.DefaultApplicationLifecycle$$anonfun$clearHooks$1$1.apply(ApplicationLifecycle.scala:105)
	at play.api.inject.DefaultApplicationLifecycle$$anonfun$clearHooks$1$1.apply(ApplicationLifecycle.scala:104)
	at scala.concurrent.Future$$anonfun$flatMap$1.apply(Future.scala:253)
	at scala.concurrent.Future$$anonfun$flatMap$1.apply(Future.scala:251)
	at scala.concurrent.impl.CallbackRunnable.run(Promise.scala:36)
	at play.api.libs.streams.Execution$trampoline$.execute(Execution.scala:70)
	at scala.concurrent.impl.CallbackRunnable.executeWithValue(Promise.scala:44)
	at scala.concurrent.impl.Promise$KeptPromise.onComplete(Promise.scala:337)
	at scala.concurrent.Future$class.flatMap(Future.scala:251)
	at scala.concurrent.impl.Promise$KeptPromise.flatMap(Promise.scala:326)
	at play.api.inject.DefaultApplicationLifecycle.clearHooks$1(ApplicationLifecycle.scala:104)
	at play.api.inject.DefaultApplicationLifecycle.stop(ApplicationLifecycle.scala:112)
	at play.api.DefaultApplication.stop(Application.scala:250)
	at play.api.Play$$anonfun$stop$1.apply(Play.scala:145)
	at play.utils.Threads$.withContextClassLoader(Threads.scala:21)
	at play.api.Play$.stop(Play.scala:144)
	at play.core.server.AkkaHttpServer$$anonfun$stop$4.apply(AkkaHttpServer.scala:394)
	at play.core.server.AkkaHttpServer$$anonfun$stop$4.apply(AkkaHttpServer.scala:394)
	at scala.Option.foreach(Option.scala:257)
	at play.core.server.AkkaHttpServer.stop(AkkaHttpServer.scala:394)
	at play.runsupport.Reloader$$anon$2.close(Reloader.scala:244)
	at play.sbt.run.PlayRun$.$anonfun$playRunTask$3(PlayRun.scala:128)
	at play.sbt.run.PlayRun$.$anonfun$playRunTask$3$adapted(PlayRun.scala:65)
	at scala.Function1.$anonfun$compose$1(Function1.scala:44)
	at sbt.internal.util.$tilde$greater.$anonfun$$u2219$1(TypeFunctions.scala:42)
	at sbt.std.Transform$$anon$4.work(System.scala:64)
	at sbt.Execute.$anonfun$submit$2(Execute.scala:257)
	at sbt.internal.util.ErrorHandling$.wideConvert(ErrorHandling.scala:16)
	at sbt.Execute.work(Execute.scala:266)
	at sbt.Execute.$anonfun$submit$1(Execute.scala:257)
	at sbt.ConcurrentRestrictions$$anon$4.$anonfun$submitValid$1(ConcurrentRestrictions.scala:167)
	at sbt.CompletionService$$anon$2.call(CompletionService.scala:32)
	at java.util.concurrent.FutureTask.run(FutureTask.java:266)
	at java.util.concurrent.Executors$RunnableAdapter.call(Executors.java:511)
	at java.util.concurrent.FutureTask.run(FutureTask.java:266)
	at java.util.concurrent.ThreadPoolExecutor.runWorker(ThreadPoolExecutor.java:1149)
	at java.util.concurrent.ThreadPoolExecutor$Worker.run(ThreadPoolExecutor.java:624)
	at java.lang.Thread.run(Thread.java:748)
2018-07-06 17:24:59,100 [ERROR] from play.api.libs.Files$DefaultTemporaryFileCreator in pool-7-thread-6 - Cannot delete C:\Users\yongan\AppData\Local\Temp\playtemp5912210335350366655
java.nio.file.DirectoryNotEmptyException: C:\Users\yongan\AppData\Local\Temp\playtemp5912210335350366655
	at sun.nio.fs.WindowsFileSystemProvider.implDelete(WindowsFileSystemProvider.java:266)
	at sun.nio.fs.AbstractFileSystemProvider.deleteIfExists(AbstractFileSystemProvider.java:108)
	at java.nio.file.Files.deleteIfExists(Files.java:1165)
	at play.api.libs.Files$DefaultTemporaryFileCreator$$anonfun$play$api$libs$Files$DefaultTemporaryFileCreator$$deletePath$1.apply$mcZ$sp(Files.scala:192)
	at play.api.libs.Files$DefaultTemporaryFileCreator$$anonfun$play$api$libs$Files$DefaultTemporaryFileCreator$$deletePath$1.apply(Files.scala:192)
	at play.api.libs.Files$DefaultTemporaryFileCreator$$anonfun$play$api$libs$Files$DefaultTemporaryFileCreator$$deletePath$1.apply(Files.scala:192)
	at scala.util.Try$.apply(Try.scala:192)
	at play.api.libs.Files$DefaultTemporaryFileCreator.play$api$libs$Files$DefaultTemporaryFileCreator$$deletePath(Files.scala:192)
	at play.api.libs.Files$DefaultTemporaryFileCreator$$anonfun$2$$anon$2.postVisitDirectory(Files.scala:221)
	at play.api.libs.Files$DefaultTemporaryFileCreator$$anonfun$2$$anon$2.postVisitDirectory(Files.scala:213)
	at java.nio.file.Files.walkFileTree(Files.java:2688)
	at java.nio.file.Files.walkFileTree(Files.java:2742)
	at play.api.libs.Files$DefaultTemporaryFileCreator$$anonfun$2.apply(Files.scala:213)
	at play.api.libs.Files$DefaultTemporaryFileCreator$$anonfun$2.apply(Files.scala:212)
	at play.api.inject.DefaultApplicationLifecycle$$anonfun$clearHooks$1$1.apply(ApplicationLifecycle.scala:105)
	at play.api.inject.DefaultApplicationLifecycle$$anonfun$clearHooks$1$1.apply(ApplicationLifecycle.scala:104)
	at scala.concurrent.Future$$anonfun$flatMap$1.apply(Future.scala:253)
	at scala.concurrent.Future$$anonfun$flatMap$1.apply(Future.scala:251)
	at scala.concurrent.impl.CallbackRunnable.run(Promise.scala:36)
	at play.api.libs.streams.Execution$trampoline$.execute(Execution.scala:70)
	at scala.concurrent.impl.CallbackRunnable.executeWithValue(Promise.scala:44)
	at scala.concurrent.impl.Promise$KeptPromise.onComplete(Promise.scala:337)
	at scala.concurrent.Future$class.flatMap(Future.scala:251)
	at scala.concurrent.impl.Promise$KeptPromise.flatMap(Promise.scala:326)
	at play.api.inject.DefaultApplicationLifecycle.clearHooks$1(ApplicationLifecycle.scala:104)
	at play.api.inject.DefaultApplicationLifecycle.stop(ApplicationLifecycle.scala:112)
	at play.api.DefaultApplication.stop(Application.scala:250)
	at play.api.Play$$anonfun$stop$1.apply(Play.scala:145)
	at play.utils.Threads$.withContextClassLoader(Threads.scala:21)
	at play.api.Play$.stop(Play.scala:144)
	at play.core.server.AkkaHttpServer$$anonfun$stop$4.apply(AkkaHttpServer.scala:394)
	at play.core.server.AkkaHttpServer$$anonfun$stop$4.apply(AkkaHttpServer.scala:394)
	at scala.Option.foreach(Option.scala:257)
	at play.core.server.AkkaHttpServer.stop(AkkaHttpServer.scala:394)
	at play.runsupport.Reloader$$anon$2.close(Reloader.scala:244)
	at play.sbt.run.PlayRun$.$anonfun$playRunTask$3(PlayRun.scala:128)
	at play.sbt.run.PlayRun$.$anonfun$playRunTask$3$adapted(PlayRun.scala:65)
	at scala.Function1.$anonfun$compose$1(Function1.scala:44)
	at sbt.internal.util.$tilde$greater.$anonfun$$u2219$1(TypeFunctions.scala:42)
	at sbt.std.Transform$$anon$4.work(System.scala:64)
	at sbt.Execute.$anonfun$submit$2(Execute.scala:257)
	at sbt.internal.util.ErrorHandling$.wideConvert(ErrorHandling.scala:16)
	at sbt.Execute.work(Execute.scala:266)
	at sbt.Execute.$anonfun$submit$1(Execute.scala:257)
	at sbt.ConcurrentRestrictions$$anon$4.$anonfun$submitValid$1(ConcurrentRestrictions.scala:167)
	at sbt.CompletionService$$anon$2.call(CompletionService.scala:32)
	at java.util.concurrent.FutureTask.run(FutureTask.java:266)
	at java.util.concurrent.Executors$RunnableAdapter.call(Executors.java:511)
	at java.util.concurrent.FutureTask.run(FutureTask.java:266)
	at java.util.concurrent.ThreadPoolExecutor.runWorker(ThreadPoolExecutor.java:1149)
	at java.util.concurrent.ThreadPoolExecutor$Worker.run(ThreadPoolExecutor.java:624)
	at java.lang.Thread.run(Thread.java:748)
2018-07-06 17:24:59,142 [ERROR] from play.api.libs.Files$DefaultTemporaryFileReaper in application-play.akka.blockingIoDispatcher-76 - Cannot delete C:\Users\yongan\AppData\Local\Temp\playtemp5912210335350366655\multipartBody3006694160402127190asTemporaryFile
java.nio.file.FileSystemException: C:\Users\yongan\AppData\Local\Temp\playtemp5912210335350366655\multipartBody3006694160402127190asTemporaryFile: The process cannot access the file because it is being used by another process.

	at sun.nio.fs.WindowsException.translateToIOException(WindowsException.java:86)
	at sun.nio.fs.WindowsException.rethrowAsIOException(WindowsException.java:97)
	at sun.nio.fs.WindowsException.rethrowAsIOException(WindowsException.java:102)
	at sun.nio.fs.WindowsFileSystemProvider.implDelete(WindowsFileSystemProvider.java:269)
	at sun.nio.fs.AbstractFileSystemProvider.deleteIfExists(AbstractFileSystemProvider.java:108)
	at java.nio.file.Files.deleteIfExists(Files.java:1165)
	at play.api.libs.Files$DefaultTemporaryFileReaper.delete(Files.scala:284)
	at play.api.libs.Files$DefaultTemporaryFileReaper$$anonfun$reap$2$$anonfun$apply$1$$anonfun$apply$2.apply(Files.scala:272)
	at play.api.libs.Files$DefaultTemporaryFileReaper$$anonfun$reap$2$$anonfun$apply$1$$anonfun$apply$2.apply(Files.scala:272)
	at scala.collection.immutable.List.foreach(List.scala:392)
	at play.api.libs.Files$DefaultTemporaryFileReaper$$anonfun$reap$2$$anonfun$apply$1.apply(Files.scala:272)
	at play.api.libs.Files$DefaultTemporaryFileReaper$$anonfun$reap$2$$anonfun$apply$1.apply(Files.scala:259)
	at scala.Option.map(Option.scala:146)
	at play.api.libs.Files$DefaultTemporaryFileReaper$$anonfun$reap$2.apply(Files.scala:259)
	at play.api.libs.Files$DefaultTemporaryFileReaper$$anonfun$reap$2.apply(Files.scala:278)
	at scala.concurrent.impl.Future$PromiseCompletingRunnable.liftedTree1$1(Future.scala:24)
	at scala.concurrent.impl.Future$PromiseCompletingRunnable.run(Future.scala:24)
	at akka.dispatch.TaskInvocation.run(AbstractDispatcher.scala:40)
	at akka.dispatch.ForkJoinExecutorConfigurator$AkkaForkJoinTask.exec(ForkJoinExecutorConfigurator.scala:43)
	at akka.dispatch.forkjoin.ForkJoinTask.doExec(ForkJoinTask.java:260)
	at akka.dispatch.forkjoin.ForkJoinPool$WorkQueue.runTask(ForkJoinPool.java:1339)
	at akka.dispatch.forkjoin.ForkJoinPool.runWorker(ForkJoinPool.java:1979)
	at akka.dispatch.forkjoin.ForkJoinWorkerThread.run(ForkJoinWorkerThread.java:107)
2018-07-06 17:24:59,143 [ERROR] from play.api.libs.Files$DefaultTemporaryFileReaper in application-play.akka.blockingIoDispatcher-76 - Cannot delete C:\Users\yongan\AppData\Local\Temp\playtemp5912210335350366655\multipartBody5784624457616511505asTemporaryFile
java.nio.file.FileSystemException: C:\Users\yongan\AppData\Local\Temp\playtemp5912210335350366655\multipartBody5784624457616511505asTemporaryFile: The process cannot access the file because it is being used by another process.

	at sun.nio.fs.WindowsException.translateToIOException(WindowsException.java:86)
	at sun.nio.fs.WindowsException.rethrowAsIOException(WindowsException.java:97)
	at sun.nio.fs.WindowsException.rethrowAsIOException(WindowsException.java:102)
	at sun.nio.fs.WindowsFileSystemProvider.implDelete(WindowsFileSystemProvider.java:269)
	at sun.nio.fs.AbstractFileSystemProvider.deleteIfExists(AbstractFileSystemProvider.java:108)
	at java.nio.file.Files.deleteIfExists(Files.java:1165)
	at play.api.libs.Files$DefaultTemporaryFileReaper.delete(Files.scala:284)
	at play.api.libs.Files$DefaultTemporaryFileReaper$$anonfun$reap$2$$anonfun$apply$1$$anonfun$apply$2.apply(Files.scala:272)
	at play.api.libs.Files$DefaultTemporaryFileReaper$$anonfun$reap$2$$anonfun$apply$1$$anonfun$apply$2.apply(Files.scala:272)
	at scala.collection.immutable.List.foreach(List.scala:392)
	at play.api.libs.Files$DefaultTemporaryFileReaper$$anonfun$reap$2$$anonfun$apply$1.apply(Files.scala:272)
	at play.api.libs.Files$DefaultTemporaryFileReaper$$anonfun$reap$2$$anonfun$apply$1.apply(Files.scala:259)
	at scala.Option.map(Option.scala:146)
	at play.api.libs.Files$DefaultTemporaryFileReaper$$anonfun$reap$2.apply(Files.scala:259)
	at play.api.libs.Files$DefaultTemporaryFileReaper$$anonfun$reap$2.apply(Files.scala:278)
	at scala.concurrent.impl.Future$PromiseCompletingRunnable.liftedTree1$1(Future.scala:24)
	at scala.concurrent.impl.Future$PromiseCompletingRunnable.run(Future.scala:24)
	at akka.dispatch.TaskInvocation.run(AbstractDispatcher.scala:40)
	at akka.dispatch.ForkJoinExecutorConfigurator$AkkaForkJoinTask.exec(ForkJoinExecutorConfigurator.scala:43)
	at akka.dispatch.forkjoin.ForkJoinTask.doExec(ForkJoinTask.java:260)
	at akka.dispatch.forkjoin.ForkJoinPool$WorkQueue.runTask(ForkJoinPool.java:1339)
	at akka.dispatch.forkjoin.ForkJoinPool.runWorker(ForkJoinPool.java:1979)
	at akka.dispatch.forkjoin.ForkJoinWorkerThread.run(ForkJoinWorkerThread.java:107)
2018-07-06 17:24:59,147 [INFO] from application in application-akka.actor.default-dispatcher-75 - Shutting down connection pool.
